[W 05:52:35.652 NotebookApp] WARNING: The notebook server is listening on all IP addresses and not using encryption. This is not recommended.
[W 05:52:35.653 NotebookApp] WARNING: The notebook server is listening on all IP addresses and not using authentication. This is highly insecure and not recommended.
[I 05:52:35.655 NotebookApp] Serving notebooks from local directory: /home/asasopo1/assignment1
[I 05:52:35.655 NotebookApp] 0 active kernels 
[I 05:52:35.655 NotebookApp] The IPython Notebook is running at: http://[all ip addresses on your system]:7000/
[I 05:52:35.655 NotebookApp] Use Control-C to stop this server and shut down all kernels (twice to skip confirmation).
[I 05:52:36.007 NotebookApp] Saving file at /knn.ipynb
[W 05:53:05.495 NotebookApp] 404 GET /api/kernels/66c3f404-3a9f-41be-8ead-1310d9edc603/channels?session_id=797B661D8A944F6C909C2CB3A98C2C52 (60.191.68.43): Kernel does not exist: 66c3f404-3a9f-41be-8ead-1310d9edc603
[W 05:53:05.500 NotebookApp] 404 GET /api/kernels/66c3f404-3a9f-41be-8ead-1310d9edc603/channels?session_id=797B661D8A944F6C909C2CB3A98C2C52 (60.191.68.43) 6.94ms referer=None
[W 05:54:10.333 NotebookApp] 404 GET /api/kernels/66c3f404-3a9f-41be-8ead-1310d9edc603/channels?session_id=797B661D8A944F6C909C2CB3A98C2C52 (60.191.68.43): Kernel does not exist: 66c3f404-3a9f-41be-8ead-1310d9edc603
[W 05:54:10.334 NotebookApp] 404 GET /api/kernels/66c3f404-3a9f-41be-8ead-1310d9edc603/channels?session_id=797B661D8A944F6C909C2CB3A98C2C52 (60.191.68.43) 2.58ms referer=None
[I 05:54:46.556 NotebookApp] Kernel started: c9ea81ae-180c-4a75-ae62-c79ce8a82d77
[I 05:56:46.678 NotebookApp] Saving file at /knn.ipynb
[I 05:58:47.002 NotebookApp] Saving file at /knn.ipynb
[I 06:00:46.881 NotebookApp] Saving file at /knn.ipynb
[I 06:14:47.028 NotebookApp] Saving file at /knn.ipynb
[I 06:26:47.038 NotebookApp] Saving file at /knn.ipynb
[I 06:28:46.816 NotebookApp] Saving file at /knn.ipynb
[I 06:47:41.486 NotebookApp] Saving file at /cs231n/classifiers/k_nearest_neighbor.py
[I 06:48:08.237 NotebookApp] Saving file at /cs231n/classifiers/k_nearest_neighbor.py
[I 06:48:46.850 NotebookApp] Saving file at /knn.ipynb
[I 06:52:02.060 NotebookApp] Saving file at /cs231n/classifiers/k_nearest_neighbor.py
[I 06:52:42.515 NotebookApp] Saving file at /cs231n/classifiers/k_nearest_neighbor.py
[I 06:52:46.798 NotebookApp] Saving file at /knn.ipynb
[I 06:54:02.182 NotebookApp] Saving file at /cs231n/classifiers/k_nearest_neighbor.py
[I 06:54:05.523 NotebookApp] Saving file at /cs231n/classifiers/k_nearest_neighbor.py
[I 06:54:46.837 NotebookApp] Saving file at /knn.ipynb
[I 06:55:06.409 NotebookApp] Saving file at /cs231n/classifiers/k_nearest_neighbor.py
[I 06:56:47.021 NotebookApp] Saving file at /knn.ipynb
[I 06:57:00.283 NotebookApp] Saving file at /cs231n/classifiers/k_nearest_neighbor.py
[I 06:58:46.812 NotebookApp] Saving file at /knn.ipynb
[I 06:59:59.011 NotebookApp] Saving file at /cs231n/classifiers/k_nearest_neighbor.py
[I 07:00:29.932 NotebookApp] Saving file at /cs231n/classifiers/k_nearest_neighbor.py
[I 07:00:46.820 NotebookApp] Saving file at /knn.ipynb
[I 07:00:55.845 NotebookApp] Saving file at /cs231n/classifiers/k_nearest_neighbor.py
[I 07:04:48.573 NotebookApp] Saving file at /cs231n/classifiers/k_nearest_neighbor.py
[W 07:09:10.996 NotebookApp] WebSocket ping timeout after 90000 ms.
[E 07:09:11.002 NotebookApp] Uncaught exception GET /api/kernels/c9ea81ae-180c-4a75-ae62-c79ce8a82d77/channels?session_id=C883DCD85B7A4EA8839DB5B08ADEE7D9 (60.191.68.43)
    HTTPServerRequest(protocol='http', host='104.199.172.107:7000', method='GET', uri='/api/kernels/c9ea81ae-180c-4a75-ae62-c79ce8a82d77/channels?session_id=C883DCD85B7A4EA8839DB5B08ADEE7D9', version='HTTP/1.1', remote_ip='60.191.68.43', headers={'Origin': 'http://104.199.172.107:7000', 'Upgrade': 'websocket', 'Accept-Language': 'zh-CN,zh;q=0.8', 'Accept-Encoding': 'gzip, deflate, sdch', 'Sec-Websocket-Version': '13', 'Host': '104.199.172.107:7000', 'Sec-Websocket-Key': 'FFfAZyHa9eN1TEOnpRzpCw==', 'User-Agent': 'Mozilla/5.0 (Windows NT 10.0; Win64; x64) AppleWebKit/537.36 (KHTML, like Gecko) Chrome/58.0.3029.110 Safari/537.36', 'Connection': 'Upgrade', 'Pragma': 'no-cache', 'Cache-Control': 'no-cache', 'Sec-Websocket-Extensions': 'permessage-deflate; client_max_window_bits'})
    Traceback (most recent call last):
      File "/home/asasopo1/assignment1/.env/local/lib/python2.7/site-packages/tornado/web.py", line 1401, in _stack_context_handle_exception
        raise_exc_info((type, value, traceback))
      File "/home/asasopo1/assignment1/.env/local/lib/python2.7/site-packages/tornado/stack_context.py", line 314, in wrapped
        ret = fn(*args, **kwargs)
      File "/home/asasopo1/assignment1/.env/local/lib/python2.7/site-packages/zmq/eventloop/zmqstream.py", line 191, in <lambda>
        self.on_recv(lambda msg: callback(self, msg), copy=copy)
      File "/home/asasopo1/assignment1/.env/local/lib/python2.7/site-packages/notebook/base/zmqhandlers.py", line 188, in _on_zmq_reply
        self.write_message(msg, binary=isinstance(msg, bytes))
      File "/home/asasopo1/assignment1/.env/local/lib/python2.7/site-packages/tornado/websocket.py", line 215, in write_message
        raise WebSocketClosedError()
    WebSocketClosedError
[I 07:11:12.971 NotebookApp] Saving file at /cs231n/classifiers/k_nearest_neighbor.py
[W 07:12:53.416 NotebookApp] WebSocket ping timeout after 90000 ms.
[I 07:13:29.606 NotebookApp] Saving file at /cs231n/classifiers/k_nearest_neighbor.py
[I 07:13:37.306 NotebookApp] 302 GET / (60.191.68.43) 0.44ms
[W 07:15:28.799 NotebookApp] WebSocket ping timeout after 90000 ms.
[E 07:15:28.830 NotebookApp] Uncaught exception GET /api/kernels/c9ea81ae-180c-4a75-ae62-c79ce8a82d77/channels?session_id=D4C9F73228F1467E81C03CE1C23D9BF6 (60.191.68.43)
    HTTPServerRequest(protocol='http', host='104.199.172.107:7000', method='GET', uri='/api/kernels/c9ea81ae-180c-4a75-ae62-c79ce8a82d77/channels?session_id=D4C9F73228F1467E81C03CE1C23D9BF6', version='HTTP/1.1', remote_ip='60.191.68.43', headers={'Origin': 'http://104.199.172.107:7000', 'Upgrade': 'websocket', 'Accept-Language': 'zh-CN,zh;q=0.8', 'Accept-Encoding': 'gzip, deflate, sdch', 'Sec-Websocket-Version': '13', 'Host': '104.199.172.107:7000', 'Sec-Websocket-Key': 'E1A4fAvZSX88lR0B43PhAw==', 'User-Agent': 'Mozilla/5.0 (Windows NT 10.0; Win64; x64) AppleWebKit/537.36 (KHTML, like Gecko) Chrome/58.0.3029.110 Safari/537.36', 'Connection': 'Upgrade', 'Pragma': 'no-cache', 'Cache-Control': 'no-cache', 'Sec-Websocket-Extensions': 'permessage-deflate; client_max_window_bits'})
    Traceback (most recent call last):
      File "/home/asasopo1/assignment1/.env/local/lib/python2.7/site-packages/tornado/web.py", line 1401, in _stack_context_handle_exception
        raise_exc_info((type, value, traceback))
      File "/home/asasopo1/assignment1/.env/local/lib/python2.7/site-packages/tornado/stack_context.py", line 314, in wrapped
        ret = fn(*args, **kwargs)
      File "/home/asasopo1/assignment1/.env/local/lib/python2.7/site-packages/zmq/eventloop/zmqstream.py", line 191, in <lambda>
        self.on_recv(lambda msg: callback(self, msg), copy=copy)
      File "/home/asasopo1/assignment1/.env/local/lib/python2.7/site-packages/notebook/base/zmqhandlers.py", line 188, in _on_zmq_reply
        self.write_message(msg, binary=isinstance(msg, bytes))
      File "/home/asasopo1/assignment1/.env/local/lib/python2.7/site-packages/tornado/websocket.py", line 215, in write_message
        raise WebSocketClosedError()
    WebSocketClosedError
[I 07:17:36.349 NotebookApp] Saving file at /cs231n/classifiers/k_nearest_neighbor.py
[I 07:19:45.376 NotebookApp] Saving file at /knn.ipynb
[I 07:21:45.141 NotebookApp] Saving file at /knn.ipynb
[I 07:22:28.972 NotebookApp] Saving file at /cs231n/classifiers/k_nearest_neighbor.py
[I 07:23:45.629 NotebookApp] Saving file at /knn.ipynb
[I 07:24:13.115 NotebookApp] Saving file at /cs231n/classifiers/k_nearest_neighbor.py
[I 07:25:26.938 NotebookApp] Saving file at /cs231n/classifiers/k_nearest_neighbor.py
[I 07:26:15.548 NotebookApp] Saving file at /cs231n/classifiers/k_nearest_neighbor.py
[I 07:26:45.161 NotebookApp] Saving file at /knn.ipynb
[I 07:27:13.577 NotebookApp] Kernel interrupted: c9ea81ae-180c-4a75-ae62-c79ce8a82d77
[I 07:27:16.557 NotebookApp] KernelRestarter: restarting kernel (1/5)
WARNING:root:kernel c9ea81ae-180c-4a75-ae62-c79ce8a82d77 restarted
[I 07:27:28.751 NotebookApp] Kernel restarted: c9ea81ae-180c-4a75-ae62-c79ce8a82d77
[W 07:27:28.752 NotebookApp] zmq message arrived on closed channel
[I 07:27:41.485 NotebookApp] Kernel restarted: c9ea81ae-180c-4a75-ae62-c79ce8a82d77
[I 07:28:45.015 NotebookApp] Saving file at /knn.ipynb
[I 07:29:25.123 NotebookApp] Saving file at /knn.ipynb
[I 07:30:45.084 NotebookApp] Saving file at /knn.ipynb
[I 07:30:53.965 NotebookApp] Saving file at /knn.ipynb
[I 07:32:45.557 NotebookApp] Saving file at /knn.ipynb
[I 07:33:02.349 NotebookApp] Saving file at /cs231n/classifiers/k_nearest_neighbor.py
[I 07:33:47.068 NotebookApp] Saving file at /cs231n/classifiers/k_nearest_neighbor.py
[I 07:34:45.248 NotebookApp] Saving file at /knn.ipynb
[I 07:35:47.007 NotebookApp] Saving file at /cs231n/classifiers/k_nearest_neighbor.py
[I 07:36:45.078 NotebookApp] Saving file at /knn.ipynb
[I 07:38:45.083 NotebookApp] Saving file at /knn.ipynb
[I 07:51:54.454 NotebookApp] Saving file at /cs231n/classifiers/k_nearest_neighbor.py
[I 07:52:11.402 NotebookApp] Saving file at /cs231n/classifiers/k_nearest_neighbor.py
[I 07:52:42.412 NotebookApp] Saving file at /cs231n/classifiers/k_nearest_neighbor.py
[I 07:52:45.154 NotebookApp] Saving file at /knn.ipynb
[I 07:53:10.294 NotebookApp] Saving file at /cs231n/classifiers/k_nearest_neighbor.py
[I 07:54:45.574 NotebookApp] Saving file at /knn.ipynb
[I 07:57:51.217 NotebookApp] Saving file at /cs231n/classifiers/k_nearest_neighbor.py
[I 07:58:32.025 NotebookApp] Saving file at /cs231n/classifiers/k_nearest_neighbor.py
[I 07:58:45.128 NotebookApp] Saving file at /knn.ipynb
[I 07:59:16.204 NotebookApp] Saving file at /cs231n/classifiers/k_nearest_neighbor.py
[I 08:00:03.687 NotebookApp] Saving file at /cs231n/classifiers/k_nearest_neighbor.py
[I 08:00:45.577 NotebookApp] Saving file at /knn.ipynb
[I 08:04:17.380 NotebookApp] Saving file at /cs231n/classifiers/k_nearest_neighbor.py
[I 08:04:37.886 NotebookApp] Saving file at /cs231n/classifiers/k_nearest_neighbor.py
[I 08:04:45.256 NotebookApp] Saving file at /knn.ipynb
[I 08:21:37.028 NotebookApp] Saving file at /cs231n/classifiers/k_nearest_neighbor.py
[I 08:24:45.820 NotebookApp] Saving file at /knn.ipynb
[I 08:30:00.286 NotebookApp] Saving file at /cs231n/classifiers/k_nearest_neighbor.py
[I 08:30:45.261 NotebookApp] Saving file at /knn.ipynb
[I 08:32:45.145 NotebookApp] Saving file at /knn.ipynb
[I 08:42:45.427 NotebookApp] Saving file at /knn.ipynb
[I 08:44:45.175 NotebookApp] Saving file at /knn.ipynb
[I 08:48:45.133 NotebookApp] Saving file at /knn.ipynb
[I 08:50:39.981 NotebookApp] Kernel interrupted: c9ea81ae-180c-4a75-ae62-c79ce8a82d77
[I 08:50:41.486 NotebookApp] KernelRestarter: restarting kernel (1/5)
WARNING:root:kernel c9ea81ae-180c-4a75-ae62-c79ce8a82d77 restarted
[I 08:50:45.179 NotebookApp] Saving file at /knn.ipynb
[I 08:51:00.360 NotebookApp] Kernel shutdown: c9ea81ae-180c-4a75-ae62-c79ce8a82d77
[W 08:51:57.318 NotebookApp] Notebook svm.ipynb is not trusted
[I 08:51:58.163 NotebookApp] Kernel started: 9fa72f96-8112-4d4a-b348-03f095a085d6
[I 08:57:58.636 NotebookApp] Saving file at /svm.ipynb
[I 09:09:58.751 NotebookApp] Saving file at /svm.ipynb
[I 09:17:58.556 NotebookApp] Saving file at /svm.ipynb
[I 11:15:04.649 NotebookApp] Saving file at /cs231n/classifiers/linear_svm.py
[I 11:15:58.743 NotebookApp] Saving file at /svm.ipynb
[I 11:16:30.639 NotebookApp] Saving file at /cs231n/classifiers/linear_svm.py
[I 11:17:58.635 NotebookApp] Saving file at /svm.ipynb
[I 11:18:13.816 NotebookApp] Saving file at /cs231n/classifiers/linear_svm.py
[I 11:19:22.882 NotebookApp] Saving file at /cs231n/classifiers/linear_svm.py
[I 11:19:58.478 NotebookApp] Saving file at /svm.ipynb
[I 11:20:22.972 NotebookApp] Saving file at /cs231n/classifiers/linear_svm.py
[W 14:10:28.566 NotebookApp] WebSocket ping timeout after 119953 ms.
[I 02:49:46.163 NotebookApp] Saving file at /cs231n/classifiers/linear_svm.py
[I 03:13:42.235 NotebookApp] Saving file at /svm.ipynb
[I 04:08:39.371 NotebookApp] Saving file at /cs231n/classifiers/linear_svm.py
[W 05:01:11.764 NotebookApp] WebSocket ping timeout after 119954 ms.
[W 05:09:04.970 NotebookApp] WebSocket ping timeout after 119844 ms.
[W 05:35:25.950 NotebookApp] WebSocket ping timeout after 119949 ms.
[I 06:09:12.026 NotebookApp] Saving file at /cs231n/classifiers/linear_svm.py
[I 06:09:42.060 NotebookApp] Saving file at /svm.ipynb
[I 06:09:55.015 NotebookApp] Saving file at /cs231n/classifiers/linear_svm.py
[I 06:13:17.830 NotebookApp] Saving file at /svm.ipynb
[I 06:14:37.609 NotebookApp] Saving file at /cs231n/classifiers/linear_svm.py
[I 06:15:17.821 NotebookApp] Saving file at /svm.ipynb
[I 06:15:59.792 NotebookApp] Saving file at /cs231n/classifiers/linear_svm.py
[I 06:17:17.844 NotebookApp] Saving file at /svm.ipynb
[I 06:17:32.337 NotebookApp] Saving file at /cs231n/classifiers/linear_svm.py
[I 06:17:50.275 NotebookApp] Saving file at /cs231n/classifiers/linear_svm.py
[I 06:18:51.251 NotebookApp] Saving file at /cs231n/classifiers/linear_svm.py
[I 06:19:14.668 NotebookApp] Saving file at /cs231n/classifiers/linear_svm.py
[I 06:19:17.841 NotebookApp] Saving file at /svm.ipynb
[I 06:19:41.967 NotebookApp] Saving file at /cs231n/classifiers/linear_svm.py
[I 06:21:17.826 NotebookApp] Saving file at /svm.ipynb
[I 06:21:53.362 NotebookApp] Saving file at /cs231n/classifiers/linear_svm.py
[I 06:22:18.705 NotebookApp] Saving file at /cs231n/classifiers/linear_svm.py
[I 06:23:17.816 NotebookApp] Saving file at /svm.ipynb
[I 06:23:26.847 NotebookApp] Saving file at /cs231n/classifiers/linear_svm.py
[I 06:23:48.649 NotebookApp] Saving file at /cs231n/classifiers/linear_svm.py
[I 06:24:26.154 NotebookApp] Saving file at /cs231n/classifiers/linear_svm.py
[I 06:25:11.391 NotebookApp] Saving file at /cs231n/classifiers/linear_svm.py
[I 06:25:13.513 NotebookApp] Saving file at /cs231n/classifiers/linear_svm.py
[I 06:25:17.857 NotebookApp] Saving file at /svm.ipynb
[I 07:44:00.887 NotebookApp] Saving file at /cs231n/classifiers/linear_classifier.py
[I 07:58:43.526 NotebookApp] Saving file at /cs231n/classifiers/linear_classifier.py
[I 07:59:18.024 NotebookApp] Saving file at /svm.ipynb
[I 08:00:48.114 NotebookApp] Saving file at /cs231n/classifiers/linear_classifier.py
[I 08:01:17.985 NotebookApp] Saving file at /svm.ipynb
[I 08:27:17.647 NotebookApp] Saving file at /svm.ipynb
[I 08:27:18.035 NotebookApp] Saving file at /svm.ipynb
[I 08:29:18.298 NotebookApp] Saving file at /svm.ipynb
[I 08:30:00.431 NotebookApp] Saving file at /cs231n/classifiers/linear_svm.py
[I 08:31:04.608 NotebookApp] Saving file at /cs231n/classifiers/linear_svm.py
[I 08:31:18.012 NotebookApp] Saving file at /svm.ipynb
[I 08:33:17.934 NotebookApp] Saving file at /svm.ipynb
[I 08:34:49.896 NotebookApp] Saving file at /cs231n/classifiers/linear_svm.py
[I 08:35:18.104 NotebookApp] Saving file at /svm.ipynb
[I 08:36:52.413 NotebookApp] Saving file at /cs231n/classifiers/linear_svm.py
[I 08:37:17.899 NotebookApp] Saving file at /svm.ipynb
[I 08:39:17.966 NotebookApp] Saving file at /svm.ipynb
[I 08:41:17.969 NotebookApp] Saving file at /svm.ipynb
[I 08:43:15.829 NotebookApp] Saving file at /cs231n/classifiers/linear_svm.py
[I 08:43:18.023 NotebookApp] Saving file at /svm.ipynb
[I 08:45:18.024 NotebookApp] Saving file at /svm.ipynb
[I 08:46:11.695 NotebookApp] Kernel shutdown: 9fa72f96-8112-4d4a-b348-03f095a085d6
[W 08:46:35.056 NotebookApp] Notebook softmax.ipynb is not trusted
[I 08:46:35.582 NotebookApp] Kernel started: 99646370-b661-4204-b635-286cf93876f4
[I 08:48:35.696 NotebookApp] Saving file at /softmax.ipynb
[I 08:50:35.640 NotebookApp] Saving file at /softmax.ipynb
[I 09:19:46.125 NotebookApp] Saving file at /cs231n/classifiers/softmax.py
[W 10:54:06.048 NotebookApp] WebSocket ping timeout after 119850 ms.
[I 11:37:10.969 NotebookApp] Saving file at /cs231n/classifiers/softmax.py
[I 11:38:42.084 NotebookApp] Saving file at /softmax.ipynb
[I 13:17:06.197 NotebookApp] 302 GET / (115.239.138.179) 0.45ms
[W 14:21:26.353 NotebookApp] WebSocket ping timeout after 119949 ms.
[W 14:38:46.370 NotebookApp] WebSocket ping timeout after 119950 ms.
[I 03:12:29.152 NotebookApp] Saving file at /cs231n/classifiers/softmax.py
[I 03:13:06.793 NotebookApp] Saving file at /cs231n/classifiers/linear_svm.py
[I 03:13:19.233 NotebookApp] Saving file at /softmax.ipynb
[I 03:13:39.058 NotebookApp] Saving file at /cs231n/classifiers/linear_svm.py
[I 03:14:05.957 NotebookApp] Saving file at /cs231n/classifiers/softmax.py
[I 03:14:39.330 NotebookApp] Saving file at /cs231n/classifiers/softmax.py
[I 03:15:23.033 NotebookApp] Saving file at /softmax.ipynb
[I 03:16:23.399 NotebookApp] Saving file at /cs231n/classifiers/softmax.py
[I 03:17:19.215 NotebookApp] Saving file at /softmax.ipynb
[I 03:29:03.179 NotebookApp] Saving file at /cs231n/classifiers/softmax.py
[I 03:29:19.230 NotebookApp] Saving file at /softmax.ipynb
[I 03:36:07.232 NotebookApp] Saving file at /cs231n/classifiers/softmax.py
[I 03:37:19.221 NotebookApp] Saving file at /softmax.ipynb
[I 03:39:02.972 NotebookApp] Saving file at /cs231n/classifiers/softmax.py
[I 03:39:19.197 NotebookApp] Saving file at /softmax.ipynb
[I 03:39:56.638 NotebookApp] Saving file at /cs231n/classifiers/softmax.py
[I 03:40:33.029 NotebookApp] Saving file at /cs231n/classifiers/softmax.py
[I 03:41:18.822 NotebookApp] Saving file at /cs231n/classifiers/softmax.py
[I 03:41:19.174 NotebookApp] Saving file at /softmax.ipynb
[I 03:42:18.438 NotebookApp] Saving file at /cs231n/classifiers/softmax.py
[I 03:43:12.452 NotebookApp] Saving file at /cs231n/classifiers/softmax.py
[I 03:43:19.178 NotebookApp] Saving file at /softmax.ipynb
[I 03:44:07.321 NotebookApp] Saving file at /cs231n/classifiers/softmax.py
[I 03:45:00.678 NotebookApp] Saving file at /cs231n/classifiers/softmax.py
[I 03:45:19.185 NotebookApp] Saving file at /softmax.ipynb
[I 03:46:23.594 NotebookApp] Saving file at /cs231n/classifiers/softmax.py
[I 03:47:19.180 NotebookApp] Saving file at /softmax.ipynb
[I 03:47:51.957 NotebookApp] Saving file at /cs231n/classifiers/softmax.py
[I 03:49:19.180 NotebookApp] Saving file at /softmax.ipynb
[I 03:59:49.529 NotebookApp] Saving file at /cs231n/classifiers/softmax.py
[I 04:00:19.210 NotebookApp] Saving file at /cs231n/classifiers/softmax.py
[I 04:00:30.506 NotebookApp] Saving file at /cs231n/classifiers/softmax.py
[I 04:00:51.918 NotebookApp] Saving file at /cs231n/classifiers/softmax.py
[I 04:01:19.231 NotebookApp] Saving file at /softmax.ipynb
[I 04:01:27.857 NotebookApp] Saving file at /cs231n/classifiers/softmax.py
[I 04:02:00.760 NotebookApp] Saving file at /cs231n/classifiers/softmax.py
[I 04:03:19.182 NotebookApp] Saving file at /softmax.ipynb
[I 05:42:37.752 NotebookApp] Saving file at /cs231n/classifiers/softmax.py
[I 05:43:19.292 NotebookApp] Saving file at /softmax.ipynb
[I 05:43:37.473 NotebookApp] Saving file at /cs231n/classifiers/softmax.py
[I 05:43:53.857 NotebookApp] Saving file at /cs231n/classifiers/softmax.py
[I 05:44:22.771 NotebookApp] Saving file at /cs231n/classifiers/softmax.py
[I 05:44:58.786 NotebookApp] Saving file at /cs231n/classifiers/softmax.py
[I 05:44:59.355 NotebookApp] Saving file at /cs231n/classifiers/softmax.py
[I 05:44:59.415 NotebookApp] Saving file at /cs231n/classifiers/softmax.py
[I 05:44:59.437 NotebookApp] Saving file at /cs231n/classifiers/softmax.py
[I 05:44:59.475 NotebookApp] Saving file at /cs231n/classifiers/softmax.py
[I 05:44:59.492 NotebookApp] Saving file at /cs231n/classifiers/softmax.py
[I 05:44:59.525 NotebookApp] Saving file at /cs231n/classifiers/softmax.py
[I 05:44:59.575 NotebookApp] Saving file at /cs231n/classifiers/softmax.py
[I 05:45:19.293 NotebookApp] Saving file at /softmax.ipynb
[I 05:45:24.444 NotebookApp] Saving file at /cs231n/classifiers/softmax.py
[I 05:45:53.078 NotebookApp] Saving file at /cs231n/classifiers/softmax.py
[I 05:47:19.245 NotebookApp] Saving file at /softmax.ipynb
[I 05:53:37.588 NotebookApp] Saving file at /cs231n/classifiers/softmax.py
[I 05:55:10.368 NotebookApp] Saving file at /cs231n/classifiers/softmax.py
[I 05:55:19.289 NotebookApp] Saving file at /softmax.ipynb
[I 05:55:41.251 NotebookApp] Saving file at /softmax.ipynb
[I 05:55:59.132 NotebookApp] Saving file at /softmax.ipynb
[I 05:57:19.241 NotebookApp] Saving file at /softmax.ipynb
[I 05:59:49.928 NotebookApp] Saving file at /cs231n/classifiers/softmax.py
[I 06:01:19.305 NotebookApp] Saving file at /softmax.ipynb
[I 06:01:33.502 NotebookApp] Kernel started: 41a299ce-8710-4775-b1a7-702ab2b86cd0
[I 06:03:19.313 NotebookApp] Saving file at /softmax.ipynb
[I 06:05:19.251 NotebookApp] Saving file at /softmax.ipynb
[I 06:06:04.683 NotebookApp] Saving file at /softmax.ipynb
[I 06:07:19.250 NotebookApp] Saving file at /softmax.ipynb
[I 06:09:09.469 NotebookApp] Saving file at /softmax.ipynb
[I 06:09:19.251 NotebookApp] Saving file at /softmax.ipynb
[I 06:10:58.085 NotebookApp] Saving file at /softmax.ipynb
[I 06:11:19.249 NotebookApp] Saving file at /softmax.ipynb
[I 06:12:39.238 NotebookApp] Saving file at /softmax.ipynb
[I 06:13:19.269 NotebookApp] Saving file at /softmax.ipynb
[I 06:14:55.156 NotebookApp] Saving file at /cs231n/classifiers/softmax.py
[I 06:15:19.272 NotebookApp] Saving file at /softmax.ipynb
[I 06:16:57.816 NotebookApp] Saving file at /cs231n/classifiers/softmax.py
[I 06:17:19.268 NotebookApp] Saving file at /softmax.ipynb
[I 06:18:56.284 NotebookApp] Saving file at /cs231n/classifiers/softmax.py
[I 06:19:19.277 NotebookApp] Saving file at /softmax.ipynb
[I 06:20:54.102 NotebookApp] Saving file at /cs231n/classifiers/softmax.py
[I 06:21:19.277 NotebookApp] Saving file at /softmax.ipynb
[I 06:21:21.372 NotebookApp] Kernel shutdown: 41a299ce-8710-4775-b1a7-702ab2b86cd0
[W 06:21:34.005 NotebookApp] Notebook two_layer_net.ipynb is not trusted
[I 06:21:34.751 NotebookApp] Kernel started: 01178445-ccaa-45e2-93fd-c66112072951
[I 06:23:19.416 NotebookApp] Saving file at /softmax.ipynb
[I 06:24:20.388 NotebookApp] Kernel shutdown: 99646370-b661-4204-b635-286cf93876f4
[I 06:25:13.869 NotebookApp] Saving file at /softmax.ipynb
[I 06:25:22.422 NotebookApp] Saving file at /softmax.ipynb
[W 06:25:25.631 NotebookApp] Kernel does not exist: 99646370-b661-4204-b635-286cf93876f4
[W 06:25:25.632 NotebookApp] 404 POST /api/kernels/99646370-b661-4204-b635-286cf93876f4/interrupt (60.191.68.43) 1.00ms referer=http://104.199.172.107:7000/notebooks/softmax.ipynb
[I 07:07:39.293 NotebookApp] Saving file at /two_layer_net.ipynb
[I 07:43:39.301 NotebookApp] Saving file at /two_layer_net.ipynb
[I 03:39:12.218 NotebookApp] Kernel started: 08741fb6-331d-4715-bff6-73f0340d0190
[I 03:41:41.510 NotebookApp] Kernel shutdown: 08741fb6-331d-4715-bff6-73f0340d0190
[I 04:43:05.683 NotebookApp] Saving file at /cs231n/classifiers/neural_net.py
[I 04:43:39.786 NotebookApp] Saving file at /two_layer_net.ipynb
[I 04:44:39.447 NotebookApp] Saving file at /cs231n/classifiers/neural_net.py
[I 04:45:39.742 NotebookApp] Saving file at /two_layer_net.ipynb
[I 04:49:25.767 NotebookApp] Saving file at /cs231n/classifiers/neural_net.py
[I 04:49:39.740 NotebookApp] Saving file at /two_layer_net.ipynb
[I 04:51:39.744 NotebookApp] Saving file at /two_layer_net.ipynb
[I 05:09:52.317 NotebookApp] Saving file at /cs231n/classifiers/neural_net.py
[I 05:11:39.792 NotebookApp] Saving file at /two_layer_net.ipynb
[I 05:18:04.181 NotebookApp] Saving file at /cs231n/classifiers/neural_net.py
[I 05:19:40.092 NotebookApp] Saving file at /two_layer_net.ipynb
[I 05:33:40.189 NotebookApp] Saving file at /two_layer_net.ipynb
[I 05:41:40.541 NotebookApp] Saving file at /two_layer_net.ipynb
[I 05:43:40.290 NotebookApp] Saving file at /two_layer_net.ipynb
[I 05:44:03.662 NotebookApp] Saving file at /two_layer_net.ipynb
[I 05:45:40.420 NotebookApp] Saving file at /two_layer_net.ipynb
[I 05:47:40.210 NotebookApp] Saving file at /two_layer_net.ipynb
[I 05:49:40.130 NotebookApp] Saving file at /two_layer_net.ipynb
[I 05:51:40.159 NotebookApp] Saving file at /two_layer_net.ipynb
[I 05:53:40.169 NotebookApp] Saving file at /two_layer_net.ipynb
[I 05:55:40.139 NotebookApp] Saving file at /two_layer_net.ipynb
[I 05:56:13.104 NotebookApp] Kernel interrupted: 01178445-ccaa-45e2-93fd-c66112072951
[I 05:56:25.514 NotebookApp] Kernel shutdown: 01178445-ccaa-45e2-93fd-c66112072951
[I 05:56:33.947 NotebookApp] Kernel started: 921417f5-5ce5-4639-beea-affd2080b6a0
[I 05:56:59.518 NotebookApp] Saving file at /two_layer_net.ipynb
[I 05:57:23.235 NotebookApp] Saving file at /two_layer_net.ipynb
[I 05:58:34.393 NotebookApp] Saving file at /two_layer_net.ipynb
[I 06:00:34.444 NotebookApp] Saving file at /two_layer_net.ipynb
[W 06:10:02.763 NotebookApp] Notebook features.ipynb is not trusted
[I 06:10:03.288 NotebookApp] Kernel started: 87acd0a7-b8eb-4325-9abc-a719d21f4dcf
[I 06:36:34.730 NotebookApp] Saving file at /two_layer_net.ipynb
[I 06:38:34.763 NotebookApp] Saving file at /two_layer_net.ipynb
[I 06:38:44.795 NotebookApp] Saving file at /two_layer_net.ipynb
[I 06:41:17.946 NotebookApp] Kernel shutdown: 921417f5-5ce5-4639-beea-affd2080b6a0
[I 06:44:03.378 NotebookApp] Saving file at /features.ipynb
[I 06:45:59.335 NotebookApp] Kernel started: 8f7f6370-baa1-4f8e-97ff-448ef9d5a3b1
[I 06:46:03.413 NotebookApp] Saving file at /features.ipynb
[I 06:48:03.385 NotebookApp] Saving file at /features.ipynb
[I 06:49:59.795 NotebookApp] Saving file at /svm.ipynb
[I 06:52:03.418 NotebookApp] Saving file at /features.ipynb
[I 06:55:59.756 NotebookApp] Saving file at /svm.ipynb
[I 07:00:05.453 NotebookApp] Saving file at /features.ipynb
[I 07:01:35.592 NotebookApp] Saving file at /cs231n/classifiers/linear_svm.py
[I 07:01:58.989 NotebookApp] Saving file at /svm.ipynb
[I 07:03:58.914 NotebookApp] Saving file at /svm.ipynb
[I 07:05:58.900 NotebookApp] Saving file at /svm.ipynb
[I 07:06:05.390 NotebookApp] Saving file at /features.ipynb
[I 07:08:05.437 NotebookApp] Saving file at /features.ipynb
[I 07:10:05.684 NotebookApp] Saving file at /features.ipynb
[I 07:12:05.569 NotebookApp] Saving file at /features.ipynb
[I 07:14:05.701 NotebookApp] Saving file at /features.ipynb
[I 07:15:21.172 NotebookApp] Kernel shutdown: 8f7f6370-baa1-4f8e-97ff-448ef9d5a3b1
[I 07:15:37.511 NotebookApp] Kernel started: b5069196-29bb-4ffe-a4f3-27d5b54f1669
[I 07:16:05.734 NotebookApp] Saving file at /features.ipynb
[I 07:18:05.613 NotebookApp] Saving file at /features.ipynb
[I 07:20:05.583 NotebookApp] Saving file at /features.ipynb
[I 07:26:05.791 NotebookApp] Saving file at /features.ipynb
[I 07:30:05.614 NotebookApp] Saving file at /features.ipynb
[I 07:32:05.573 NotebookApp] Saving file at /features.ipynb
[I 07:36:05.593 NotebookApp] Saving file at /features.ipynb
[I 07:42:05.804 NotebookApp] Saving file at /features.ipynb
[I 07:44:05.599 NotebookApp] Saving file at /features.ipynb
[I 07:46:05.606 NotebookApp] Saving file at /features.ipynb
[I 07:48:05.588 NotebookApp] Saving file at /features.ipynb
[I 07:52:05.609 NotebookApp] Saving file at /features.ipynb
[I 07:54:05.609 NotebookApp] Saving file at /features.ipynb
